  abb.cpp
c:\users\afnan\documents\visual studio 2017\projects\exam\exam\wordsearch.h(83): warning C4554: '&': check operator precedence for possible error; use parentheses to clarify precedence
c:\users\afnan\documents\visual studio 2017\projects\exam\exam\wordsearch.h(123): warning C4996: '_sleep': This function or variable has been superceded by newer library or operating system functionality. Consider using Sleep instead. See online help for details.
  c:\program files (x86)\windows kits\10\include\10.0.15063.0\ucrt\stdlib.h(1282): note: see declaration of '_sleep'
c:\users\afnan\documents\visual studio 2017\projects\exam\exam\wordsearch.h(137): warning C4996: '_sleep': This function or variable has been superceded by newer library or operating system functionality. Consider using Sleep instead. See online help for details.
  c:\program files (x86)\windows kits\10\include\10.0.15063.0\ucrt\stdlib.h(1282): note: see declaration of '_sleep'
c:\users\afnan\documents\visual studio 2017\projects\exam\exam\wordsearch.h(218): warning C4244: 'argument': conversion from 'time_t' to 'unsigned int', possible loss of data
c:\users\afnan\documents\visual studio 2017\projects\exam\exam\texture.h(56): warning C4244: 'argument': conversion from 'time_t' to 'unsigned int', possible loss of data
c:\users\afnan\documents\visual studio 2017\projects\exam\exam\texture.h(75): warning C4305: 'initializing': truncation from 'double' to 'float'
c:\users\afnan\documents\visual studio 2017\projects\exam\exam\texture.h(153): warning C4244: 'argument': conversion from 'int' to 'float', possible loss of data
c:\users\afnan\documents\visual studio 2017\projects\exam\exam\texture.h(158): warning C4244: 'argument': conversion from 'int' to 'float', possible loss of data
c:\users\afnan\documents\visual studio 2017\projects\exam\exam\texture.h(164): warning C4244: 'argument': conversion from 'int' to 'float', possible loss of data
c:\users\afnan\documents\visual studio 2017\projects\exam\exam\puzzle.h(164): warning C4996: 'sf::Text::setColor': was declared deprecated
  c:\sfml\sfml-2.4.2\include\sfml\graphics\text.hpp(177): note: see declaration of 'sf::Text::setColor'
c:\users\afnan\documents\visual studio 2017\projects\exam\exam\puzzle.h(165): warning C4996: 'sf::Text::setColor': was declared deprecated
  c:\sfml\sfml-2.4.2\include\sfml\graphics\text.hpp(177): note: see declaration of 'sf::Text::setColor'
c:\users\afnan\documents\visual studio 2017\projects\exam\exam\puzzle.h(166): warning C4996: 'sf::Text::setColor': was declared deprecated
  c:\sfml\sfml-2.4.2\include\sfml\graphics\text.hpp(177): note: see declaration of 'sf::Text::setColor'
c:\users\afnan\documents\visual studio 2017\projects\exam\exam\puzzle.h(170): warning C4996: 'sf::Text::setColor': was declared deprecated
  c:\sfml\sfml-2.4.2\include\sfml\graphics\text.hpp(177): note: see declaration of 'sf::Text::setColor'
c:\users\afnan\documents\visual studio 2017\projects\exam\exam\puzzle.h(171): warning C4996: 'sf::Text::setColor': was declared deprecated
  c:\sfml\sfml-2.4.2\include\sfml\graphics\text.hpp(177): note: see declaration of 'sf::Text::setColor'
c:\users\afnan\documents\visual studio 2017\projects\exam\exam\puzzle.h(172): warning C4996: 'sf::Text::setColor': was declared deprecated
  c:\sfml\sfml-2.4.2\include\sfml\graphics\text.hpp(177): note: see declaration of 'sf::Text::setColor'
  exam.vcxproj -> C:\Users\Afnan\Documents\Visual Studio 2017\Projects\exam\x64\Debug\exam.exe
